{"/Users/dgangwar/Documents/jutro-sandbox/src/index.tsx": {"path":"/Users/dgangwar/Documents/jutro-sandbox/src/index.tsx","statementMap":{"0":{"start":{"line":7,"column":0},"end":{"line":7,"column":53}},"1":{"start":{"line":10,"column":0},"end":{"line":24,"column":1}},"2":{"start":{"line":11,"column":24},"end":{"line":11,"column":36}},"3":{"start":{"line":13,"column":4},"end":{"line":22,"column":6}},"4":{"start":{"line":14,"column":8},"end":{"line":19,"column":9}},"5":{"start":{"line":18,"column":12},"end":{"line":18,"column":40}},"6":{"start":{"line":21,"column":8},"end":{"line":21,"column":47}},"7":{"start":{"line":23,"column":4},"end":{"line":23,"column":39}},"8":{"start":{"line":26,"column":0},"end":{"line":26,"column":11}}},"fnMap":{"0":{"name":"(anonymous_0)","decl":{"start":{"line":13,"column":19},"end":{"line":13,"column":20}},"loc":{"start":{"line":13,"column":32},"end":{"line":22,"column":5}},"line":13}},"branchMap":{"0":{"loc":{"start":{"line":10,"column":0},"end":{"line":24,"column":1}},"type":"if","locations":[{"start":{"line":10,"column":0},"end":{"line":24,"column":1}},{"start":{},"end":{}}],"line":10},"1":{"loc":{"start":{"line":14,"column":8},"end":{"line":19,"column":9}},"type":"if","locations":[{"start":{"line":14,"column":8},"end":{"line":19,"column":9}},{"start":{},"end":{}}],"line":14},"2":{"loc":{"start":{"line":15,"column":12},"end":{"line":16,"column":36}},"type":"binary-expr","locations":[{"start":{"line":15,"column":12},"end":{"line":15,"column":54}},{"start":{"line":16,"column":12},"end":{"line":16,"column":36}}],"line":15}},"s":{"0":0,"1":0,"2":0,"3":0,"4":0,"5":0,"6":0,"7":0,"8":0},"f":{"0":0},"b":{"0":[0,0],"1":[0,0],"2":[0,0]}}
,"/Users/dgangwar/Documents/jutro-sandbox/src/indexAsync.ts": {"path":"/Users/dgangwar/Documents/jutro-sandbox/src/indexAsync.ts","statementMap":{"0":{"start":{"line":3,"column":0},"end":{"line":12,"column":3}},"1":{"start":{"line":9,"column":4},"end":{"line":9,"column":57}},"2":{"start":{"line":11,"column":4},"end":{"line":11,"column":15}}},"fnMap":{"0":{"name":"(anonymous_0)","decl":{"start":{"line":7,"column":8},"end":{"line":7,"column":9}},"loc":{"start":{"line":7,"column":61},"end":{"line":12,"column":1}},"line":7}},"branchMap":{},"s":{"0":0,"1":0,"2":0},"f":{"0":0},"b":{}}
,"/Users/dgangwar/Documents/jutro-sandbox/src/messagesLoaders.ts": {"path":"/Users/dgangwar/Documents/jutro-sandbox/src/messagesLoaders.ts","statementMap":{"0":{"start":{"line":22,"column":28},"end":{"line":56,"column":1}},"1":{"start":{"line":27,"column":4},"end":{"line":55,"column":5}},"2":{"start":{"line":28,"column":36},"end":{"line":28,"column":54}},"3":{"start":{"line":30,"column":8},"end":{"line":30,"column":22}},"4":{"start":{"line":32,"column":30},"end":{"line":32,"column":53}},"5":{"start":{"line":34,"column":8},"end":{"line":50,"column":9}},"6":{"start":{"line":35,"column":12},"end":{"line":37,"column":14}},"7":{"start":{"line":39,"column":12},"end":{"line":49,"column":13}},"8":{"start":{"line":40,"column":44},"end":{"line":40,"column":71}},"9":{"start":{"line":42,"column":16},"end":{"line":42,"column":30}},"10":{"start":{"line":44,"column":16},"end":{"line":46,"column":18}},"11":{"start":{"line":48,"column":16},"end":{"line":48,"column":26}},"12":{"start":{"line":52,"column":8},"end":{"line":52,"column":76}},"13":{"start":{"line":54,"column":8},"end":{"line":54,"column":18}},"14":{"start":{"line":64,"column":31},"end":{"line":71,"column":6}},"15":{"start":{"line":67,"column":4},"end":{"line":71,"column":6}},"16":{"start":{"line":69,"column":28},"end":{"line":69,"column":61}},"17":{"start":{"line":79,"column":32},"end":{"line":97,"column":1}},"18":{"start":{"line":82,"column":26},"end":{"line":86,"column":6}},"19":{"start":{"line":84,"column":28},"end":{"line":84,"column":79}},"20":{"start":{"line":87,"column":28},"end":{"line":94,"column":12}},"21":{"start":{"line":91,"column":18},"end":{"line":91,"column":69}},"22":{"start":{"line":96,"column":4},"end":{"line":96,"column":52}}},"fnMap":{"0":{"name":"(anonymous_0)","decl":{"start":{"line":22,"column":28},"end":{"line":22,"column":29}},"loc":{"start":{"line":26,"column":56},"end":{"line":56,"column":1}},"line":26},"1":{"name":"(anonymous_1)","decl":{"start":{"line":64,"column":31},"end":{"line":64,"column":32}},"loc":{"start":{"line":67,"column":4},"end":{"line":71,"column":6}},"line":67},"2":{"name":"(anonymous_2)","decl":{"start":{"line":69,"column":16},"end":{"line":69,"column":17}},"loc":{"start":{"line":69,"column":28},"end":{"line":69,"column":61}},"line":69},"3":{"name":"(anonymous_3)","decl":{"start":{"line":79,"column":32},"end":{"line":79,"column":33}},"loc":{"start":{"line":81,"column":38},"end":{"line":97,"column":1}},"line":81},"4":{"name":"(anonymous_4)","decl":{"start":{"line":84,"column":16},"end":{"line":84,"column":17}},"loc":{"start":{"line":84,"column":28},"end":{"line":84,"column":79}},"line":84},"5":{"name":"(anonymous_5)","decl":{"start":{"line":90,"column":22},"end":{"line":90,"column":23}},"loc":{"start":{"line":91,"column":18},"end":{"line":91,"column":69}},"line":91}},"branchMap":{"0":{"loc":{"start":{"line":34,"column":8},"end":{"line":50,"column":9}},"type":"if","locations":[{"start":{"line":34,"column":8},"end":{"line":50,"column":9}},{"start":{},"end":{}}],"line":34},"1":{"loc":{"start":{"line":34,"column":12},"end":{"line":34,"column":51}},"type":"binary-expr","locations":[{"start":{"line":34,"column":12},"end":{"line":34,"column":25}},{"start":{"line":34,"column":29},"end":{"line":34,"column":51}}],"line":34},"2":{"loc":{"start":{"line":87,"column":28},"end":{"line":94,"column":12}},"type":"cond-expr","locations":[{"start":{"line":88,"column":10},"end":{"line":93,"column":12}},{"start":{"line":94,"column":10},"end":{"line":94,"column":12}}],"line":87}},"s":{"0":1,"1":9,"2":9,"3":1,"4":8,"5":8,"6":5,"7":5,"8":5,"9":1,"10":4,"11":4,"12":3,"13":3,"14":1,"15":2,"16":3,"17":1,"18":2,"19":3,"20":2,"21":3,"22":2},"f":{"0":9,"1":2,"2":3,"3":2,"4":3,"5":3},"b":{"0":[5,3],"1":[8,8],"2":[2,0]},"_coverageSchema":"1a1c01bbd47fc00a2c39e90264f33305004495a9","hash":"1b5281f755cb6401265b143dbbbfd9b62c77ebe0"}
,"/Users/dgangwar/Documents/jutro-sandbox/src/startApp.ts": {"path":"/Users/dgangwar/Documents/jutro-sandbox/src/startApp.ts","statementMap":{"0":{"start":{"line":14,"column":0},"end":{"line":17,"column":2}},"1":{"start":{"line":19,"column":24},"end":{"line":36,"column":1}},"2":{"start":{"line":20,"column":4},"end":{"line":24,"column":5}},"3":{"start":{"line":21,"column":8},"end":{"line":23,"column":10}},"4":{"start":{"line":26,"column":4},"end":{"line":35,"column":7}}},"fnMap":{"0":{"name":"(anonymous_0)","decl":{"start":{"line":19,"column":24},"end":{"line":19,"column":25}},"loc":{"start":{"line":19,"column":36},"end":{"line":36,"column":1}},"line":19}},"branchMap":{"0":{"loc":{"start":{"line":20,"column":4},"end":{"line":24,"column":5}},"type":"if","locations":[{"start":{"line":20,"column":4},"end":{"line":24,"column":5}},{"start":{},"end":{}}],"line":20}},"s":{"0":0,"1":0,"2":0,"3":0,"4":0},"f":{"0":0},"b":{"0":[0,0]}}
,"/Users/dgangwar/Documents/jutro-sandbox/src/app/App.config.tsx": {"path":"/Users/dgangwar/Documents/jutro-sandbox/src/app/App.config.tsx","statementMap":{"0":{"start":{"line":43,"column":16},"end":{"line":43,"column":44}}},"fnMap":{"0":{"name":"(anonymous_0)","decl":{"start":{"line":42,"column":12},"end":{"line":42,"column":13}},"loc":{"start":{"line":42,"column":56},"end":{"line":44,"column":13}},"line":42}},"branchMap":{},"s":{"0":4},"f":{"0":4},"b":{},"_coverageSchema":"1a1c01bbd47fc00a2c39e90264f33305004495a9","hash":"0bfc5dbb3a55d92c0a5de625e7d58cb9f01d06c0"}
,"/Users/dgangwar/Documents/jutro-sandbox/src/app/App.messages.ts": {"path":"/Users/dgangwar/Documents/jutro-sandbox/src/app/App.messages.ts","statementMap":{},"fnMap":{},"branchMap":{},"s":{},"f":{},"b":{},"_coverageSchema":"1a1c01bbd47fc00a2c39e90264f33305004495a9","hash":"7fb023bdb264162badaec1021f065cbef5d1b373"}
,"/Users/dgangwar/Documents/jutro-sandbox/src/app/App.tsx": {"path":"/Users/dgangwar/Documents/jutro-sandbox/src/app/App.tsx","statementMap":{"0":{"start":{"line":7,"column":33},"end":{"line":23,"column":1}},"1":{"start":{"line":8,"column":23},"end":{"line":8,"column":61}},"2":{"start":{"line":10,"column":4},"end":{"line":20,"column":5}},"3":{"start":{"line":13,"column":26},"end":{"line":13,"column":63}},"4":{"start":{"line":15,"column":8},"end":{"line":19,"column":9}},"5":{"start":{"line":16,"column":12},"end":{"line":18,"column":13}},"6":{"start":{"line":17,"column":16},"end":{"line":17,"column":80}},"7":{"start":{"line":22,"column":4},"end":{"line":22,"column":52}},"8":{"start":{"line":26,"column":4},"end":{"line":30,"column":6}}},"fnMap":{"0":{"name":"(anonymous_0)","decl":{"start":{"line":7,"column":33},"end":{"line":7,"column":34}},"loc":{"start":{"line":7,"column":52},"end":{"line":23,"column":1}},"line":7},"1":{"name":"Jutro","decl":{"start":{"line":25,"column":16},"end":{"line":25,"column":21}},"loc":{"start":{"line":25,"column":37},"end":{"line":31,"column":1}},"line":25}},"branchMap":{"0":{"loc":{"start":{"line":10,"column":4},"end":{"line":20,"column":5}},"type":"if","locations":[{"start":{"line":10,"column":4},"end":{"line":20,"column":5}},{"start":{},"end":{}}],"line":10},"1":{"loc":{"start":{"line":15,"column":8},"end":{"line":19,"column":9}},"type":"if","locations":[{"start":{"line":15,"column":8},"end":{"line":19,"column":9}},{"start":{},"end":{}}],"line":15},"2":{"loc":{"start":{"line":17,"column":33},"end":{"line":17,"column":79}},"type":"cond-expr","locations":[{"start":{"line":17,"column":63},"end":{"line":17,"column":72}},{"start":{"line":17,"column":75},"end":{"line":17,"column":79}}],"line":17}},"s":{"0":1,"1":5,"2":4,"3":0,"4":0,"5":0,"6":0,"7":4,"8":5},"f":{"0":5,"1":5},"b":{"0":[0,4],"1":[0,0],"2":[0,0]},"_coverageSchema":"1a1c01bbd47fc00a2c39e90264f33305004495a9","hash":"9e49c55cf25f5c24dfd472b28962a9a771ef74f9"}
,"/Users/dgangwar/Documents/jutro-sandbox/src/components/HelpPopoverItems/HelpPopoverItems.messages.ts": {"path":"/Users/dgangwar/Documents/jutro-sandbox/src/components/HelpPopoverItems/HelpPopoverItems.messages.ts","statementMap":{},"fnMap":{},"branchMap":{},"s":{},"f":{},"b":{},"_coverageSchema":"1a1c01bbd47fc00a2c39e90264f33305004495a9","hash":"e9fa54306b5a281e3565dc2ac9e6d6c5b105258f"}
,"/Users/dgangwar/Documents/jutro-sandbox/src/components/HelpPopoverItems/HelpPopoverItems.tsx": {"path":"/Users/dgangwar/Documents/jutro-sandbox/src/components/HelpPopoverItems/HelpPopoverItems.tsx","statementMap":{"0":{"start":{"line":9,"column":32},"end":{"line":31,"column":1}},"1":{"start":{"line":10,"column":22},"end":{"line":10,"column":37}},"2":{"start":{"line":12,"column":4},"end":{"line":30,"column":6}}},"fnMap":{"0":{"name":"(anonymous_0)","decl":{"start":{"line":9,"column":32},"end":{"line":9,"column":33}},"loc":{"start":{"line":9,"column":57},"end":{"line":31,"column":1}},"line":9}},"branchMap":{},"s":{"0":1,"1":4,"2":4},"f":{"0":4},"b":{},"_coverageSchema":"1a1c01bbd47fc00a2c39e90264f33305004495a9","hash":"5ab3810c9da6c0b4d5838dd4fd5e9b1a375059fc"}
,"/Users/dgangwar/Documents/jutro-sandbox/src/context/SettingsContext.tsx": {"path":"/Users/dgangwar/Documents/jutro-sandbox/src/context/SettingsContext.tsx","statementMap":{"0":{"start":{"line":8,"column":24},"end":{"line":8,"column":70}},"1":{"start":{"line":12,"column":65},"end":{"line":39,"column":1}},"2":{"start":{"line":15,"column":30},"end":{"line":15,"column":42}},"3":{"start":{"line":17,"column":24},"end":{"line":27,"column":5}},"4":{"start":{"line":19,"column":12},"end":{"line":25,"column":14}},"5":{"start":{"line":20,"column":36},"end":{"line":20,"column":62}},"6":{"start":{"line":22,"column":16},"end":{"line":22,"column":61}},"7":{"start":{"line":24,"column":16},"end":{"line":24,"column":35}},"8":{"start":{"line":29,"column":22},"end":{"line":32,"column":5}},"9":{"start":{"line":30,"column":15},"end":{"line":30,"column":40}},"10":{"start":{"line":34,"column":4},"end":{"line":38,"column":6}},"11":{"start":{"line":41,"column":26},"end":{"line":55,"column":1}},"12":{"start":{"line":47,"column":16},"end":{"line":47,"column":43}},"13":{"start":{"line":49,"column":4},"end":{"line":54,"column":6}},"14":{"start":{"line":51,"column":24},"end":{"line":51,"column":55}},"15":{"start":{"line":53,"column":30},"end":{"line":53,"column":75}}},"fnMap":{"0":{"name":"(anonymous_0)","decl":{"start":{"line":12,"column":65},"end":{"line":12,"column":66}},"loc":{"start":{"line":14,"column":6},"end":{"line":39,"column":1}},"line":14},"1":{"name":"(anonymous_1)","decl":{"start":{"line":18,"column":8},"end":{"line":18,"column":9}},"loc":{"start":{"line":19,"column":12},"end":{"line":25,"column":14}},"line":19},"2":{"name":"(anonymous_2)","decl":{"start":{"line":19,"column":21},"end":{"line":19,"column":22}},"loc":{"start":{"line":19,"column":40},"end":{"line":25,"column":13}},"line":19},"3":{"name":"(anonymous_3)","decl":{"start":{"line":30,"column":8},"end":{"line":30,"column":9}},"loc":{"start":{"line":30,"column":15},"end":{"line":30,"column":40}},"line":30},"4":{"name":"(anonymous_4)","decl":{"start":{"line":41,"column":26},"end":{"line":41,"column":27}},"loc":{"start":{"line":46,"column":5},"end":{"line":55,"column":1}},"line":46},"5":{"name":"(anonymous_5)","decl":{"start":{"line":51,"column":18},"end":{"line":51,"column":19}},"loc":{"start":{"line":51,"column":24},"end":{"line":51,"column":55}},"line":51},"6":{"name":"(anonymous_6)","decl":{"start":{"line":53,"column":18},"end":{"line":53,"column":19}},"loc":{"start":{"line":53,"column":30},"end":{"line":53,"column":75}},"line":53}},"branchMap":{"0":{"loc":{"start":{"line":53,"column":30},"end":{"line":53,"column":75}},"type":"binary-expr","locations":[{"start":{"line":53,"column":30},"end":{"line":53,"column":33}},{"start":{"line":53,"column":37},"end":{"line":53,"column":75}}],"line":53}},"s":{"0":3,"1":3,"2":7,"3":7,"4":1,"5":1,"6":1,"7":1,"8":7,"9":7,"10":7,"11":3,"12":18,"13":17,"14":17,"15":1},"f":{"0":7,"1":1,"2":1,"3":7,"4":18,"5":17,"6":1},"b":{"0":[1,1]},"_coverageSchema":"1a1c01bbd47fc00a2c39e90264f33305004495a9","hash":"6b63f4cde744d21a3466cdac8b85871a2844367e"}
,"/Users/dgangwar/Documents/jutro-sandbox/src/hooks/useFloorPlansWithNavigationPlacement.tsx": {"path":"/Users/dgangwar/Documents/jutro-sandbox/src/hooks/useFloorPlansWithNavigationPlacement.tsx","statementMap":{"0":{"start":{"line":6,"column":40},"end":{"line":29,"column":1}},"1":{"start":{"line":10,"column":4},"end":{"line":16,"column":5}},"2":{"start":{"line":15,"column":8},"end":{"line":15,"column":22}},"3":{"start":{"line":18,"column":40},"end":{"line":18,"column":46}},"4":{"start":{"line":20,"column":22},"end":{"line":26,"column":5}},"5":{"start":{"line":28,"column":4},"end":{"line":28,"column":39}},"6":{"start":{"line":31,"column":52},"end":{"line":44,"column":1}},"7":{"start":{"line":32,"column":40},"end":{"line":32,"column":66}},"8":{"start":{"line":34,"column":8},"end":{"line":34,"column":68}},"9":{"start":{"line":36,"column":4},"end":{"line":43,"column":6}},"10":{"start":{"line":38,"column":12},"end":{"line":41,"column":13}}},"fnMap":{"0":{"name":"(anonymous_0)","decl":{"start":{"line":6,"column":40},"end":{"line":6,"column":41}},"loc":{"start":{"line":9,"column":17},"end":{"line":29,"column":1}},"line":9},"1":{"name":"(anonymous_1)","decl":{"start":{"line":31,"column":52},"end":{"line":31,"column":53}},"loc":{"start":{"line":31,"column":70},"end":{"line":44,"column":1}},"line":31},"2":{"name":"(anonymous_2)","decl":{"start":{"line":37,"column":8},"end":{"line":37,"column":9}},"loc":{"start":{"line":38,"column":12},"end":{"line":41,"column":13}},"line":38}},"branchMap":{"0":{"loc":{"start":{"line":10,"column":4},"end":{"line":16,"column":5}},"type":"if","locations":[{"start":{"line":10,"column":4},"end":{"line":16,"column":5}},{"start":{},"end":{}}],"line":10},"1":{"loc":{"start":{"line":11,"column":8},"end":{"line":13,"column":55}},"type":"binary-expr","locations":[{"start":{"line":11,"column":8},"end":{"line":11,"column":17}},{"start":{"line":12,"column":8},"end":{"line":12,"column":15}},{"start":{"line":13,"column":9},"end":{"line":13,"column":27}},{"start":{"line":13,"column":31},"end":{"line":13,"column":54}}],"line":11},"2":{"loc":{"start":{"line":24,"column":20},"end":{"line":24,"column":63}},"type":"cond-expr","locations":[{"start":{"line":24,"column":42},"end":{"line":24,"column":58}},{"start":{"line":24,"column":61},"end":{"line":24,"column":63}}],"line":24},"3":{"loc":{"start":{"line":25,"column":16},"end":{"line":25,"column":62}},"type":"cond-expr","locations":[{"start":{"line":25,"column":37},"end":{"line":25,"column":57}},{"start":{"line":25,"column":60},"end":{"line":25,"column":62}}],"line":25}},"s":{"0":1,"1":4,"2":4,"3":0,"4":0,"5":0,"6":1,"7":5,"8":4,"9":4,"10":4},"f":{"0":4,"1":5,"2":4},"b":{"0":[4,0],"1":[4,0,0,0],"2":[0,0],"3":[0,0]},"_coverageSchema":"1a1c01bbd47fc00a2c39e90264f33305004495a9","hash":"b13684a42a26b90dec0bd3d218aa40fa1c53ff46"}
,"/Users/dgangwar/Documents/jutro-sandbox/src/pages/Settings/Settings.messages.ts": {"path":"/Users/dgangwar/Documents/jutro-sandbox/src/pages/Settings/Settings.messages.ts","statementMap":{},"fnMap":{},"branchMap":{},"s":{},"f":{},"b":{},"_coverageSchema":"1a1c01bbd47fc00a2c39e90264f33305004495a9","hash":"471931af9dddc957803d099c2b3c852eb5a8b371"}
,"/Users/dgangwar/Documents/jutro-sandbox/src/pages/Settings/Settings.tsx": {"path":"/Users/dgangwar/Documents/jutro-sandbox/src/pages/Settings/Settings.tsx","statementMap":{"0":{"start":{"line":11,"column":24},"end":{"line":25,"column":1}},"1":{"start":{"line":12,"column":23},"end":{"line":12,"column":38}},"2":{"start":{"line":14,"column":4},"end":{"line":24,"column":6}}},"fnMap":{"0":{"name":"(anonymous_0)","decl":{"start":{"line":11,"column":24},"end":{"line":11,"column":25}},"loc":{"start":{"line":11,"column":43},"end":{"line":25,"column":1}},"line":11}},"branchMap":{},"s":{"0":2,"1":10,"2":10},"f":{"0":10},"b":{},"_coverageSchema":"1a1c01bbd47fc00a2c39e90264f33305004495a9","hash":"a54aec2e803d96a61a455fd8389ba20828cfa7a2"}
,"/Users/dgangwar/Documents/jutro-sandbox/src/pages/Settings/components/AboutSettingsCard/AboutSettingsCard.messages.ts": {"path":"/Users/dgangwar/Documents/jutro-sandbox/src/pages/Settings/components/AboutSettingsCard/AboutSettingsCard.messages.ts","statementMap":{},"fnMap":{},"branchMap":{},"s":{},"f":{},"b":{},"_coverageSchema":"1a1c01bbd47fc00a2c39e90264f33305004495a9","hash":"0adb31fabeed7e50c21dcdba722ab9dfd4dc03b0"}
,"/Users/dgangwar/Documents/jutro-sandbox/src/pages/Settings/components/AboutSettingsCard/AboutSettingsCard.tsx": {"path":"/Users/dgangwar/Documents/jutro-sandbox/src/pages/Settings/components/AboutSettingsCard/AboutSettingsCard.tsx","statementMap":{"0":{"start":{"line":7,"column":33},"end":{"line":33,"column":1}},"1":{"start":{"line":8,"column":23},"end":{"line":8,"column":38}},"2":{"start":{"line":10,"column":4},"end":{"line":32,"column":6}}},"fnMap":{"0":{"name":"(anonymous_0)","decl":{"start":{"line":7,"column":33},"end":{"line":7,"column":34}},"loc":{"start":{"line":7,"column":52},"end":{"line":33,"column":1}},"line":7}},"branchMap":{},"s":{"0":3,"1":12,"2":12},"f":{"0":12},"b":{},"_coverageSchema":"1a1c01bbd47fc00a2c39e90264f33305004495a9","hash":"13215ffbc5dfd276b98e36dd8c3ae9f33efa5269"}
,"/Users/dgangwar/Documents/jutro-sandbox/src/pages/Settings/components/GlobalizationSettingsCard/GlobalizationSettingsCard.messages.ts": {"path":"/Users/dgangwar/Documents/jutro-sandbox/src/pages/Settings/components/GlobalizationSettingsCard/GlobalizationSettingsCard.messages.ts","statementMap":{},"fnMap":{},"branchMap":{},"s":{},"f":{},"b":{},"_coverageSchema":"1a1c01bbd47fc00a2c39e90264f33305004495a9","hash":"069bff254e4c917e3516b284d36c99450ce57a4e"}
,"/Users/dgangwar/Documents/jutro-sandbox/src/pages/Settings/components/GlobalizationSettingsCard/GlobalizationSettingsCard.tsx": {"path":"/Users/dgangwar/Documents/jutro-sandbox/src/pages/Settings/components/GlobalizationSettingsCard/GlobalizationSettingsCard.tsx","statementMap":{"0":{"start":{"line":9,"column":41},"end":{"line":90,"column":1}},"1":{"start":{"line":10,"column":23},"end":{"line":10,"column":38}},"2":{"start":{"line":11,"column":40},"end":{"line":11,"column":55}},"3":{"start":{"line":12,"column":26},"end":{"line":12,"column":51}},"4":{"start":{"line":13,"column":28},"end":{"line":13,"column":41}},"5":{"start":{"line":14,"column":28},"end":{"line":14,"column":52}},"6":{"start":{"line":15,"column":26},"end":{"line":15,"column":46}},"7":{"start":{"line":16,"column":26},"end":{"line":16,"column":41}},"8":{"start":{"line":17,"column":24},"end":{"line":17,"column":37}},"9":{"start":{"line":18,"column":28},"end":{"line":21,"column":6}},"10":{"start":{"line":23,"column":16},"end":{"line":23,"column":35}},"11":{"start":{"line":25,"column":25},"end":{"line":27,"column":6}},"12":{"start":{"line":26,"column":8},"end":{"line":26,"column":59}},"13":{"start":{"line":29,"column":27},"end":{"line":31,"column":6}},"14":{"start":{"line":30,"column":8},"end":{"line":30,"column":65}},"15":{"start":{"line":33,"column":27},"end":{"line":43,"column":6}},"16":{"start":{"line":34,"column":8},"end":{"line":36,"column":9}},"17":{"start":{"line":35,"column":12},"end":{"line":35,"column":43}},"18":{"start":{"line":38,"column":8},"end":{"line":40,"column":9}},"19":{"start":{"line":39,"column":12},"end":{"line":39,"column":47}},"20":{"start":{"line":42,"column":8},"end":{"line":42,"column":34}},"21":{"start":{"line":45,"column":29},"end":{"line":47,"column":6}},"22":{"start":{"line":46,"column":8},"end":{"line":46,"column":45}},"23":{"start":{"line":49,"column":34},"end":{"line":51,"column":6}},"24":{"start":{"line":50,"column":8},"end":{"line":50,"column":50}},"25":{"start":{"line":53,"column":32},"end":{"line":55,"column":6}},"26":{"start":{"line":54,"column":8},"end":{"line":54,"column":50}},"27":{"start":{"line":57,"column":4},"end":{"line":89,"column":6}}},"fnMap":{"0":{"name":"(anonymous_0)","decl":{"start":{"line":9,"column":41},"end":{"line":9,"column":42}},"loc":{"start":{"line":9,"column":60},"end":{"line":90,"column":1}},"line":9},"1":{"name":"(anonymous_1)","decl":{"start":{"line":25,"column":34},"end":{"line":25,"column":35}},"loc":{"start":{"line":25,"column":47},"end":{"line":27,"column":5}},"line":25},"2":{"name":"(anonymous_2)","decl":{"start":{"line":29,"column":36},"end":{"line":29,"column":37}},"loc":{"start":{"line":29,"column":51},"end":{"line":31,"column":5}},"line":29},"3":{"name":"(anonymous_3)","decl":{"start":{"line":33,"column":36},"end":{"line":33,"column":37}},"loc":{"start":{"line":33,"column":42},"end":{"line":43,"column":5}},"line":33},"4":{"name":"(anonymous_4)","decl":{"start":{"line":45,"column":38},"end":{"line":45,"column":39}},"loc":{"start":{"line":45,"column":44},"end":{"line":47,"column":5}},"line":45},"5":{"name":"(anonymous_5)","decl":{"start":{"line":49,"column":43},"end":{"line":49,"column":44}},"loc":{"start":{"line":49,"column":51},"end":{"line":51,"column":5}},"line":49},"6":{"name":"(anonymous_6)","decl":{"start":{"line":53,"column":41},"end":{"line":53,"column":42}},"loc":{"start":{"line":53,"column":51},"end":{"line":55,"column":5}},"line":53}},"branchMap":{"0":{"loc":{"start":{"line":34,"column":8},"end":{"line":36,"column":9}},"type":"if","locations":[{"start":{"line":34,"column":8},"end":{"line":36,"column":9}},{"start":{},"end":{}}],"line":34},"1":{"loc":{"start":{"line":38,"column":8},"end":{"line":40,"column":9}},"type":"if","locations":[{"start":{"line":38,"column":8},"end":{"line":40,"column":9}},{"start":{},"end":{}}],"line":38}},"s":{"0":2,"1":16,"2":16,"3":16,"4":16,"5":16,"6":16,"7":16,"8":16,"9":16,"10":16,"11":16,"12":0,"13":16,"14":0,"15":16,"16":0,"17":0,"18":0,"19":0,"20":0,"21":16,"22":0,"23":16,"24":0,"25":16,"26":0,"27":16},"f":{"0":16,"1":0,"2":0,"3":0,"4":0,"5":0,"6":0},"b":{"0":[0,0],"1":[0,0]},"_coverageSchema":"1a1c01bbd47fc00a2c39e90264f33305004495a9","hash":"eafafef8cbc6a23022e57a19b0c7cef5d4dca790"}
,"/Users/dgangwar/Documents/jutro-sandbox/src/pages/Settings/components/NavigationSettingsCard/NavigationSettingsCard.messages.ts": {"path":"/Users/dgangwar/Documents/jutro-sandbox/src/pages/Settings/components/NavigationSettingsCard/NavigationSettingsCard.messages.ts","statementMap":{},"fnMap":{},"branchMap":{},"s":{},"f":{},"b":{},"_coverageSchema":"1a1c01bbd47fc00a2c39e90264f33305004495a9","hash":"8a43f52b5777e8f5b4aa1b47c26629e8a6019bf7"}
,"/Users/dgangwar/Documents/jutro-sandbox/src/pages/Settings/components/NavigationSettingsCard/NavigationSettingsCard.tsx": {"path":"/Users/dgangwar/Documents/jutro-sandbox/src/pages/Settings/components/NavigationSettingsCard/NavigationSettingsCard.tsx","statementMap":{"0":{"start":{"line":8,"column":38},"end":{"line":58,"column":1}},"1":{"start":{"line":9,"column":23},"end":{"line":9,"column":38}},"2":{"start":{"line":10,"column":40},"end":{"line":10,"column":55}},"3":{"start":{"line":11,"column":16},"end":{"line":11,"column":42}},"4":{"start":{"line":12,"column":30},"end":{"line":21,"column":5}},"5":{"start":{"line":23,"column":58},"end":{"line":25,"column":5}},"6":{"start":{"line":27,"column":26},"end":{"line":29,"column":34}},"7":{"start":{"line":28,"column":8},"end":{"line":28,"column":43}},"8":{"start":{"line":31,"column":27},"end":{"line":33,"column":13}},"9":{"start":{"line":32,"column":8},"end":{"line":32,"column":57}},"10":{"start":{"line":35,"column":4},"end":{"line":57,"column":6}}},"fnMap":{"0":{"name":"(anonymous_0)","decl":{"start":{"line":8,"column":38},"end":{"line":8,"column":39}},"loc":{"start":{"line":8,"column":57},"end":{"line":58,"column":1}},"line":8},"1":{"name":"(anonymous_1)","decl":{"start":{"line":27,"column":38},"end":{"line":27,"column":39}},"loc":{"start":{"line":27,"column":44},"end":{"line":29,"column":5}},"line":27},"2":{"name":"(anonymous_2)","decl":{"start":{"line":31,"column":39},"end":{"line":31,"column":40}},"loc":{"start":{"line":31,"column":45},"end":{"line":33,"column":5}},"line":31}},"branchMap":{"0":{"loc":{"start":{"line":24,"column":8},"end":{"line":24,"column":32}},"type":"binary-expr","locations":[{"start":{"line":24,"column":8},"end":{"line":24,"column":23}},{"start":{"line":24,"column":27},"end":{"line":24,"column":32}}],"line":24},"1":{"loc":{"start":{"line":32,"column":31},"end":{"line":32,"column":55}},"type":"binary-expr","locations":[{"start":{"line":32,"column":31},"end":{"line":32,"column":46}},{"start":{"line":32,"column":50},"end":{"line":32,"column":55}}],"line":32}},"s":{"0":2,"1":10,"2":10,"3":10,"4":10,"5":10,"6":10,"7":0,"8":10,"9":0,"10":10},"f":{"0":10,"1":0,"2":0},"b":{"0":[10,10],"1":[0,0]},"_coverageSchema":"1a1c01bbd47fc00a2c39e90264f33305004495a9","hash":"caae22a702918b8a61db2b14aaf973b9545bc18e"}
,"/Users/dgangwar/Documents/jutro-sandbox/src/pages/Settings/components/SettingsCard/SettingsCard.tsx": {"path":"/Users/dgangwar/Documents/jutro-sandbox/src/pages/Settings/components/SettingsCard/SettingsCard.tsx","statementMap":{"0":{"start":{"line":16,"column":28},"end":{"line":46,"column":1}},"1":{"start":{"line":25,"column":4},"end":{"line":45,"column":11}},"2":{"start":{"line":37,"column":16},"end":{"line":42,"column":22}},"3":{"start":{"line":41,"column":61},"end":{"line":41,"column":70}}},"fnMap":{"0":{"name":"(anonymous_0)","decl":{"start":{"line":16,"column":28},"end":{"line":16,"column":29}},"loc":{"start":{"line":25,"column":4},"end":{"line":45,"column":11}},"line":25},"1":{"name":"(anonymous_1)","decl":{"start":{"line":36,"column":25},"end":{"line":36,"column":26}},"loc":{"start":{"line":37,"column":16},"end":{"line":42,"column":22}},"line":37},"2":{"name":"(anonymous_2)","decl":{"start":{"line":41,"column":33},"end":{"line":41,"column":34}},"loc":{"start":{"line":41,"column":61},"end":{"line":41,"column":70}},"line":41}},"branchMap":{},"s":{"0":2,"1":36,"2":52,"3":52},"f":{"0":36,"1":52,"2":52},"b":{},"_coverageSchema":"1a1c01bbd47fc00a2c39e90264f33305004495a9","hash":"28519faf2c6584cb69da23eab2abeb9afd769afe"}
,"/Users/dgangwar/Documents/jutro-sandbox/src/pages/Settings/components/SettingsCardToolbar/SettingsCardToolbar.messages.ts": {"path":"/Users/dgangwar/Documents/jutro-sandbox/src/pages/Settings/components/SettingsCardToolbar/SettingsCardToolbar.messages.ts","statementMap":{},"fnMap":{},"branchMap":{},"s":{},"f":{},"b":{},"_coverageSchema":"1a1c01bbd47fc00a2c39e90264f33305004495a9","hash":"4b4901738b62f8f9f45c5ebda98cf0248268cf80"}
,"/Users/dgangwar/Documents/jutro-sandbox/src/pages/Settings/components/SettingsCardToolbar/SettingsCardToolbar.tsx": {"path":"/Users/dgangwar/Documents/jutro-sandbox/src/pages/Settings/components/SettingsCardToolbar/SettingsCardToolbar.tsx","statementMap":{"0":{"start":{"line":14,"column":35},"end":{"line":60,"column":1}},"1":{"start":{"line":20,"column":23},"end":{"line":20,"column":38}},"2":{"start":{"line":22,"column":19},"end":{"line":25,"column":5}},"3":{"start":{"line":23,"column":8},"end":{"line":23,"column":29}},"4":{"start":{"line":24,"column":8},"end":{"line":24,"column":15}},"5":{"start":{"line":27,"column":21},"end":{"line":30,"column":5}},"6":{"start":{"line":28,"column":8},"end":{"line":28,"column":29}},"7":{"start":{"line":29,"column":8},"end":{"line":29,"column":17}},"8":{"start":{"line":32,"column":19},"end":{"line":34,"column":5}},"9":{"start":{"line":33,"column":8},"end":{"line":33,"column":28}},"10":{"start":{"line":36,"column":4},"end":{"line":59,"column":6}},"11":{"start":{"line":42,"column":39},"end":{"line":42,"column":49}},"12":{"start":{"line":46,"column":39},"end":{"line":46,"column":47}},"13":{"start":{"line":54,"column":35},"end":{"line":54,"column":43}}},"fnMap":{"0":{"name":"(anonymous_0)","decl":{"start":{"line":14,"column":35},"end":{"line":14,"column":36}},"loc":{"start":{"line":19,"column":45},"end":{"line":60,"column":1}},"line":19},"1":{"name":"(anonymous_1)","decl":{"start":{"line":22,"column":19},"end":{"line":22,"column":20}},"loc":{"start":{"line":22,"column":25},"end":{"line":25,"column":5}},"line":22},"2":{"name":"(anonymous_2)","decl":{"start":{"line":27,"column":21},"end":{"line":27,"column":22}},"loc":{"start":{"line":27,"column":27},"end":{"line":30,"column":5}},"line":27},"3":{"name":"(anonymous_3)","decl":{"start":{"line":32,"column":19},"end":{"line":32,"column":20}},"loc":{"start":{"line":32,"column":25},"end":{"line":34,"column":5}},"line":32},"4":{"name":"(anonymous_4)","decl":{"start":{"line":42,"column":33},"end":{"line":42,"column":34}},"loc":{"start":{"line":42,"column":39},"end":{"line":42,"column":49}},"line":42},"5":{"name":"(anonymous_5)","decl":{"start":{"line":46,"column":33},"end":{"line":46,"column":34}},"loc":{"start":{"line":46,"column":39},"end":{"line":46,"column":47}},"line":46},"6":{"name":"(anonymous_6)","decl":{"start":{"line":54,"column":29},"end":{"line":54,"column":30}},"loc":{"start":{"line":54,"column":35},"end":{"line":54,"column":43}},"line":54}},"branchMap":{"0":{"loc":{"start":{"line":38,"column":13},"end":{"line":50,"column":13}},"type":"binary-expr","locations":[{"start":{"line":38,"column":13},"end":{"line":38,"column":23}},{"start":{"line":39,"column":16},"end":{"line":49,"column":22}}],"line":38},"1":{"loc":{"start":{"line":51,"column":13},"end":{"line":57,"column":13}},"type":"binary-expr","locations":[{"start":{"line":51,"column":13},"end":{"line":51,"column":24}},{"start":{"line":52,"column":16},"end":{"line":56,"column":18}}],"line":51}},"s":{"0":2,"1":36,"2":36,"3":0,"4":0,"5":36,"6":0,"7":0,"8":36,"9":0,"10":36,"11":0,"12":0,"13":0},"f":{"0":36,"1":0,"2":0,"3":0,"4":0,"5":0,"6":0},"b":{"0":[36,0],"1":[36,36]},"_coverageSchema":"1a1c01bbd47fc00a2c39e90264f33305004495a9","hash":"da089518356497f100e1503b5e07e7e8b7460559"}
,"/Users/dgangwar/Documents/jutro-sandbox/src/pages/Settings/components/ThemeSettingsCard/ThemeSettingsCard.messages.ts": {"path":"/Users/dgangwar/Documents/jutro-sandbox/src/pages/Settings/components/ThemeSettingsCard/ThemeSettingsCard.messages.ts","statementMap":{},"fnMap":{},"branchMap":{},"s":{},"f":{},"b":{},"_coverageSchema":"1a1c01bbd47fc00a2c39e90264f33305004495a9","hash":"b9de4547353094b6a32c256d1ae7b9c1fcfecda8"}
,"/Users/dgangwar/Documents/jutro-sandbox/src/pages/Settings/components/ThemeSettingsCard/ThemeSettingsCard.tsx": {"path":"/Users/dgangwar/Documents/jutro-sandbox/src/pages/Settings/components/ThemeSettingsCard/ThemeSettingsCard.tsx","statementMap":{"0":{"start":{"line":10,"column":33},"end":{"line":52,"column":1}},"1":{"start":{"line":11,"column":23},"end":{"line":11,"column":38}},"2":{"start":{"line":12,"column":40},"end":{"line":12,"column":55}},"3":{"start":{"line":13,"column":25},"end":{"line":13,"column":49}},"4":{"start":{"line":14,"column":30},"end":{"line":14,"column":52}},"5":{"start":{"line":15,"column":16},"end":{"line":15,"column":29}},"6":{"start":{"line":16,"column":32},"end":{"line":21,"column":6}},"7":{"start":{"line":17,"column":38},"end":{"line":17,"column":50}},"8":{"start":{"line":19,"column":8},"end":{"line":19,"column":59}},"9":{"start":{"line":20,"column":8},"end":{"line":20,"column":35}},"10":{"start":{"line":23,"column":34},"end":{"line":23,"column":71}},"11":{"start":{"line":23,"column":49},"end":{"line":23,"column":70}},"12":{"start":{"line":24,"column":34},"end":{"line":26,"column":6}},"13":{"start":{"line":25,"column":8},"end":{"line":25,"column":32}},"14":{"start":{"line":28,"column":4},"end":{"line":51,"column":6}}},"fnMap":{"0":{"name":"(anonymous_0)","decl":{"start":{"line":10,"column":33},"end":{"line":10,"column":34}},"loc":{"start":{"line":10,"column":52},"end":{"line":52,"column":1}},"line":10},"1":{"name":"(anonymous_1)","decl":{"start":{"line":16,"column":41},"end":{"line":16,"column":42}},"loc":{"start":{"line":16,"column":47},"end":{"line":21,"column":5}},"line":16},"2":{"name":"(anonymous_2)","decl":{"start":{"line":23,"column":43},"end":{"line":23,"column":44}},"loc":{"start":{"line":23,"column":49},"end":{"line":23,"column":70}},"line":23},"3":{"name":"(anonymous_3)","decl":{"start":{"line":24,"column":43},"end":{"line":24,"column":44}},"loc":{"start":{"line":24,"column":60},"end":{"line":26,"column":5}},"line":24}},"branchMap":{},"s":{"0":2,"1":10,"2":10,"3":10,"4":10,"5":10,"6":10,"7":0,"8":0,"9":0,"10":10,"11":0,"12":10,"13":0,"14":10},"f":{"0":10,"1":0,"2":0,"3":0},"b":{},"_coverageSchema":"1a1c01bbd47fc00a2c39e90264f33305004495a9","hash":"8ad17c90b95c7386d64a85b63bf567197c394ea7"}
}
