TN:
SF:src/index.tsx
FN:13,(anonymous_0)
FNF:1
FNH:0
FNDA:0,(anonymous_0)
DA:7,0
DA:10,0
DA:11,0
DA:13,0
DA:14,0
DA:18,0
DA:21,0
DA:23,0
DA:26,0
LF:9
LH:0
BRDA:10,0,0,0
BRDA:10,0,1,0
BRDA:14,1,0,0
BRDA:14,1,1,0
BRDA:15,2,0,0
BRDA:15,2,1,0
BRF:6
BRH:0
end_of_record
TN:
SF:src/indexAsync.ts
FN:7,(anonymous_0)
FNF:1
FNH:0
FNDA:0,(anonymous_0)
DA:3,0
DA:9,0
DA:11,0
LF:3
LH:0
BRF:0
BRH:0
end_of_record
TN:
SF:src/messagesLoaders.ts
FN:22,(anonymous_0)
FN:64,(anonymous_1)
FN:69,(anonymous_2)
FN:79,(anonymous_3)
FN:84,(anonymous_4)
FN:90,(anonymous_5)
FNF:6
FNH:6
FNDA:9,(anonymous_0)
FNDA:2,(anonymous_1)
FNDA:3,(anonymous_2)
FNDA:2,(anonymous_3)
FNDA:3,(anonymous_4)
FNDA:3,(anonymous_5)
DA:22,1
DA:27,9
DA:28,9
DA:30,1
DA:32,8
DA:34,8
DA:35,5
DA:39,5
DA:40,5
DA:42,1
DA:44,4
DA:48,4
DA:52,3
DA:54,3
DA:64,1
DA:67,2
DA:69,3
DA:79,1
DA:82,2
DA:84,3
DA:87,2
DA:91,3
DA:96,2
LF:23
LH:23
BRDA:34,0,0,5
BRDA:34,0,1,3
BRDA:34,1,0,8
BRDA:34,1,1,8
BRDA:87,2,0,2
BRDA:87,2,1,0
BRF:6
BRH:5
end_of_record
TN:
SF:src/startApp.ts
FN:19,(anonymous_0)
FNF:1
FNH:0
FNDA:0,(anonymous_0)
DA:14,0
DA:19,0
DA:20,0
DA:21,0
DA:26,0
LF:5
LH:0
BRDA:20,0,0,0
BRDA:20,0,1,0
BRF:2
BRH:0
end_of_record
TN:
SF:src/app/App.config.tsx
FN:42,(anonymous_0)
FNF:1
FNH:1
FNDA:4,(anonymous_0)
DA:43,4
LF:1
LH:1
BRF:0
BRH:0
end_of_record
TN:
SF:src/app/App.messages.ts
FNF:0
FNH:0
LF:0
LH:0
BRF:0
BRH:0
end_of_record
TN:
SF:src/app/App.tsx
FN:7,(anonymous_0)
FN:25,Jutro
FNF:2
FNH:2
FNDA:5,(anonymous_0)
FNDA:5,Jutro
DA:7,1
DA:8,5
DA:10,4
DA:13,0
DA:15,0
DA:16,0
DA:17,0
DA:22,4
DA:26,5
LF:9
LH:5
BRDA:10,0,0,0
BRDA:10,0,1,4
BRDA:15,1,0,0
BRDA:15,1,1,0
BRDA:17,2,0,0
BRDA:17,2,1,0
BRF:6
BRH:1
end_of_record
TN:
SF:src/components/HelpPopoverItems/HelpPopoverItems.messages.ts
FNF:0
FNH:0
LF:0
LH:0
BRF:0
BRH:0
end_of_record
TN:
SF:src/components/HelpPopoverItems/HelpPopoverItems.tsx
FN:9,(anonymous_0)
FNF:1
FNH:1
FNDA:4,(anonymous_0)
DA:9,1
DA:10,4
DA:12,4
LF:3
LH:3
BRF:0
BRH:0
end_of_record
TN:
SF:src/context/SettingsContext.tsx
FN:12,(anonymous_0)
FN:18,(anonymous_1)
FN:19,(anonymous_2)
FN:30,(anonymous_3)
FN:41,(anonymous_4)
FN:51,(anonymous_5)
FN:53,(anonymous_6)
FNF:7
FNH:7
FNDA:7,(anonymous_0)
FNDA:1,(anonymous_1)
FNDA:1,(anonymous_2)
FNDA:7,(anonymous_3)
FNDA:18,(anonymous_4)
FNDA:17,(anonymous_5)
FNDA:1,(anonymous_6)
DA:8,3
DA:12,3
DA:15,7
DA:17,7
DA:19,1
DA:20,1
DA:22,1
DA:24,1
DA:29,7
DA:30,7
DA:34,7
DA:41,3
DA:47,18
DA:49,17
DA:51,17
DA:53,1
LF:16
LH:16
BRDA:53,0,0,1
BRDA:53,0,1,1
BRF:2
BRH:2
end_of_record
TN:
SF:src/hooks/useFloorPlansWithNavigationPlacement.tsx
FN:6,(anonymous_0)
FN:31,(anonymous_1)
FN:37,(anonymous_2)
FNF:3
FNH:3
FNDA:4,(anonymous_0)
FNDA:5,(anonymous_1)
FNDA:4,(anonymous_2)
DA:6,1
DA:10,4
DA:15,4
DA:18,0
DA:20,0
DA:28,0
DA:31,1
DA:32,5
DA:34,4
DA:36,4
DA:38,4
LF:11
LH:8
BRDA:10,0,0,4
BRDA:10,0,1,0
BRDA:11,1,0,4
BRDA:11,1,1,0
BRDA:11,1,2,0
BRDA:11,1,3,0
BRDA:24,2,0,0
BRDA:24,2,1,0
BRDA:25,3,0,0
BRDA:25,3,1,0
BRF:10
BRH:2
end_of_record
TN:
SF:src/pages/Settings/Settings.messages.ts
FNF:0
FNH:0
LF:0
LH:0
BRF:0
BRH:0
end_of_record
TN:
SF:src/pages/Settings/Settings.tsx
FN:11,(anonymous_0)
FNF:1
FNH:1
FNDA:10,(anonymous_0)
DA:11,2
DA:12,10
DA:14,10
LF:3
LH:3
BRF:0
BRH:0
end_of_record
TN:
SF:src/pages/Settings/components/AboutSettingsCard/AboutSettingsCard.messages.ts
FNF:0
FNH:0
LF:0
LH:0
BRF:0
BRH:0
end_of_record
TN:
SF:src/pages/Settings/components/AboutSettingsCard/AboutSettingsCard.tsx
FN:7,(anonymous_0)
FNF:1
FNH:1
FNDA:12,(anonymous_0)
DA:7,3
DA:8,12
DA:10,12
LF:3
LH:3
BRF:0
BRH:0
end_of_record
TN:
SF:src/pages/Settings/components/GlobalizationSettingsCard/GlobalizationSettingsCard.messages.ts
FNF:0
FNH:0
LF:0
LH:0
BRF:0
BRH:0
end_of_record
TN:
SF:src/pages/Settings/components/GlobalizationSettingsCard/GlobalizationSettingsCard.tsx
FN:9,(anonymous_0)
FN:25,(anonymous_1)
FN:29,(anonymous_2)
FN:33,(anonymous_3)
FN:45,(anonymous_4)
FN:49,(anonymous_5)
FN:53,(anonymous_6)
FNF:7
FNH:1
FNDA:16,(anonymous_0)
FNDA:0,(anonymous_1)
FNDA:0,(anonymous_2)
FNDA:0,(anonymous_3)
FNDA:0,(anonymous_4)
FNDA:0,(anonymous_5)
FNDA:0,(anonymous_6)
DA:9,2
DA:10,16
DA:11,16
DA:12,16
DA:13,16
DA:14,16
DA:15,16
DA:16,16
DA:17,16
DA:18,16
DA:23,16
DA:25,16
DA:26,0
DA:29,16
DA:30,0
DA:33,16
DA:34,0
DA:35,0
DA:38,0
DA:39,0
DA:42,0
DA:45,16
DA:46,0
DA:49,16
DA:50,0
DA:53,16
DA:54,0
DA:57,16
LF:28
LH:18
BRDA:34,0,0,0
BRDA:34,0,1,0
BRDA:38,1,0,0
BRDA:38,1,1,0
BRF:4
BRH:0
end_of_record
TN:
SF:src/pages/Settings/components/NavigationSettingsCard/NavigationSettingsCard.messages.ts
FNF:0
FNH:0
LF:0
LH:0
BRF:0
BRH:0
end_of_record
TN:
SF:src/pages/Settings/components/NavigationSettingsCard/NavigationSettingsCard.tsx
FN:8,(anonymous_0)
FN:27,(anonymous_1)
FN:31,(anonymous_2)
FNF:3
FNH:1
FNDA:10,(anonymous_0)
FNDA:0,(anonymous_1)
FNDA:0,(anonymous_2)
DA:8,2
DA:9,10
DA:10,10
DA:11,10
DA:12,10
DA:23,10
DA:27,10
DA:28,0
DA:31,10
DA:32,0
DA:35,10
LF:11
LH:9
BRDA:24,0,0,10
BRDA:24,0,1,10
BRDA:32,1,0,0
BRDA:32,1,1,0
BRF:4
BRH:2
end_of_record
TN:
SF:src/pages/Settings/components/SettingsCard/SettingsCard.tsx
FN:16,(anonymous_0)
FN:36,(anonymous_1)
FN:41,(anonymous_2)
FNF:3
FNH:3
FNDA:36,(anonymous_0)
FNDA:52,(anonymous_1)
FNDA:52,(anonymous_2)
DA:16,2
DA:25,36
DA:37,52
DA:41,52
LF:4
LH:4
BRF:0
BRH:0
end_of_record
TN:
SF:src/pages/Settings/components/SettingsCardToolbar/SettingsCardToolbar.messages.ts
FNF:0
FNH:0
LF:0
LH:0
BRF:0
BRH:0
end_of_record
TN:
SF:src/pages/Settings/components/SettingsCardToolbar/SettingsCardToolbar.tsx
FN:14,(anonymous_0)
FN:22,(anonymous_1)
FN:27,(anonymous_2)
FN:32,(anonymous_3)
FN:42,(anonymous_4)
FN:46,(anonymous_5)
FN:54,(anonymous_6)
FNF:7
FNH:1
FNDA:36,(anonymous_0)
FNDA:0,(anonymous_1)
FNDA:0,(anonymous_2)
FNDA:0,(anonymous_3)
FNDA:0,(anonymous_4)
FNDA:0,(anonymous_5)
FNDA:0,(anonymous_6)
DA:14,2
DA:20,36
DA:22,36
DA:23,0
DA:24,0
DA:27,36
DA:28,0
DA:29,0
DA:32,36
DA:33,0
DA:36,36
DA:42,0
DA:46,0
DA:54,0
LF:14
LH:6
BRDA:38,0,0,36
BRDA:38,0,1,0
BRDA:51,1,0,36
BRDA:51,1,1,36
BRF:4
BRH:3
end_of_record
TN:
SF:src/pages/Settings/components/ThemeSettingsCard/ThemeSettingsCard.messages.ts
FNF:0
FNH:0
LF:0
LH:0
BRF:0
BRH:0
end_of_record
TN:
SF:src/pages/Settings/components/ThemeSettingsCard/ThemeSettingsCard.tsx
FN:10,(anonymous_0)
FN:16,(anonymous_1)
FN:23,(anonymous_2)
FN:24,(anonymous_3)
FNF:4
FNH:1
FNDA:10,(anonymous_0)
FNDA:0,(anonymous_1)
FNDA:0,(anonymous_2)
FNDA:0,(anonymous_3)
DA:10,2
DA:11,10
DA:12,10
DA:13,10
DA:14,10
DA:15,10
DA:16,10
DA:17,0
DA:19,0
DA:20,0
DA:23,10
DA:24,10
DA:25,0
DA:28,10
LF:14
LH:10
BRF:0
BRH:0
end_of_record
